::1 - - [08/Oct/2019:22:41:42 +0000] "POST /funt HTTP/1.1" 200 1019 "-" "PostmanRuntime/7.17.1"
::1 - - [08/Oct/2019:22:41:43 +0000] "POST /funt HTTP/1.1" 200 1019 "-" "PostmanRuntime/7.17.1"
::1 - - [08/Oct/2019:22:41:54 +0000] "POST /funt HTTP/1.1" 200 1019 "-" "PostmanRuntime/7.17.1"
::1 - - [08/Oct/2019:22:41:54 +0000] "POST /funt HTTP/1.1" 200 1019 "-" "PostmanRuntime/7.17.1"
::1 - - [08/Oct/2019:22:41:55 +0000] "POST /funt HTTP/1.1" 200 1019 "-" "PostmanRuntime/7.17.1"
::1 - - [08/Oct/2019:22:41:55 +0000] "POST /funt HTTP/1.1" 200 1019 "-" "PostmanRuntime/7.17.1"
::1 - - [08/Oct/2019:22:41:58 +0000] "POST /funt HTTP/1.1" 200 1019 "-" "PostmanRuntime/7.17.1"
::1 - - [08/Oct/2019:22:41:59 +0000] "POST /funt HTTP/1.1" 200 1019 "-" "PostmanRuntime/7.17.1"
::1 - - [08/Oct/2019:22:42:22 +0000] "POST /funt HTTP/1.1" 200 1019 "-" "PostmanRuntime/7.17.1"
::1 - - [08/Oct/2019:22:42:23 +0000] "POST /funt HTTP/1.1" 200 1019 "-" "PostmanRuntime/7.17.1"
::1 - - [08/Oct/2019:22:42:24 +0000] "POST /funt HTTP/1.1" 200 1019 "-" "PostmanRuntime/7.17.1"
::1 - - [08/Oct/2019:22:42:25 +0000] "POST /funt HTTP/1.1" 200 1019 "-" "PostmanRuntime/7.17.1"
::1 - - [08/Oct/2019:22:42:25 +0000] "POST /funt HTTP/1.1" 200 1019 "-" "PostmanRuntime/7.17.1"
::1 - - [08/Oct/2019:22:42:26 +0000] "POST /funt HTTP/1.1" 200 1019 "-" "PostmanRuntime/7.17.1"
::1 - - [08/Oct/2019:22:42:26 +0000] "POST /funt HTTP/1.1" 200 1019 "-" "PostmanRuntime/7.17.1"
::1 - - [08/Oct/2019:22:43:16 +0000] "POST /funt HTTP/1.1" 200 1019 "-" "PostmanRuntime/7.17.1"
::1 - - [08/Oct/2019:22:43:29 +0000] "POST /funt HTTP/1.1" 200 1019 "-" "PostmanRuntime/7.17.1"
::1 - - [08/Oct/2019:22:43:29 +0000] "POST /funt HTTP/1.1" 200 1019 "-" "PostmanRuntime/7.17.1"
::1 - - [08/Oct/2019:22:43:56 +0000] "GET /log/files HTTP/1.1" 304 - "-" "Mozilla/5.0 (Windows NT 10.0; Win64; x64) AppleWebKit/537.36 (KHTML, like Gecko) Chrome/77.0.3865.90 Safari/537.36"
::1 - - [08/Oct/2019:22:44:31 +0000] "GET /page/errorsLogs_2019-October-8.json HTTP/1.1" 200 67487 "http://localhost:3000/log/files" "Mozilla/5.0 (Windows NT 10.0; Win64; x64) AppleWebKit/537.36 (KHTML, like Gecko) Chrome/77.0.3865.90 Safari/537.36"
::1 - - [08/Oct/2019:22:44:31 +0000] "GET /page/assets/css/pace.css HTTP/1.1" 404 163 "http://localhost:3000/page/errorsLogs_2019-October-8.json" "Mozilla/5.0 (Windows NT 10.0; Win64; x64) AppleWebKit/537.36 (KHTML, like Gecko) Chrome/77.0.3865.90 Safari/537.36"
::1 - - [08/Oct/2019:22:44:31 +0000] "GET /page/assets/demo/users/user1.jpg HTTP/1.1" 404 171 "http://localhost:3000/page/errorsLogs_2019-October-8.json" "Mozilla/5.0 (Windows NT 10.0; Win64; x64) AppleWebKit/537.36 (KHTML, like Gecko) Chrome/77.0.3865.90 Safari/537.36"
::ffff:127.0.0.1 - - [08/Oct/2019:22:46:52 +0000] "GET /log/files HTTP/1.1" 302 96 "-" "Mozilla/5.0 (Windows NT 10.0; Win64; x64) AppleWebKit/537.36 (KHTML, like Gecko) Chrome/77.0.3865.90 Safari/537.36"
::1 - - [08/Oct/2019:22:46:52 +0000] "GET /home HTTP/1.1" 304 - "-" "Mozilla/5.0 (Windows NT 10.0; Win64; x64) AppleWebKit/537.36 (KHTML, like Gecko) Chrome/77.0.3865.90 Safari/537.36"
::1 - - [08/Oct/2019:22:46:52 +0000] "GET /favicon.ico HTTP/1.1" 404 150 "http://localhost:3000/home" "Mozilla/5.0 (Windows NT 10.0; Win64; x64) AppleWebKit/537.36 (KHTML, like Gecko) Chrome/77.0.3865.90 Safari/537.36"
::1 - - [08/Oct/2019:22:49:21 +0000] "POST /funt HTTP/1.1" 200 30 "-" "PostmanRuntime/7.17.1"
::1 - - [08/Oct/2019:22:53:30 +0000] "GET /log/files HTTP/1.1" 304 - "-" "Mozilla/5.0 (Windows NT 10.0; Win64; x64) AppleWebKit/537.36 (KHTML, like Gecko) Chrome/77.0.3865.90 Safari/537.36"
::1 - - [08/Oct/2019:22:53:42 +0000] "GET /log/files HTTP/1.1" 200 30 "-" "Mozilla/5.0 (Windows NT 10.0; Win64; x64) AppleWebKit/537.36 (KHTML, like Gecko) Chrome/77.0.3865.90 Safari/537.36"
::1 - - [08/Oct/2019:22:55:00 +0000] "GET /log/files HTTP/1.1" 200 37053 "-" "Mozilla/5.0 (Windows NT 10.0; Win64; x64) AppleWebKit/537.36 (KHTML, like Gecko) Chrome/77.0.3865.90 Safari/537.36"
::1 - - [08/Oct/2019:22:56:42 +0000] "GET /log/files1 HTTP/1.1" 404 149 "-" "Mozilla/5.0 (Windows NT 10.0; Win64; x64) AppleWebKit/537.36 (KHTML, like Gecko) Chrome/77.0.3865.90 Safari/537.36"
::1 - - [08/Oct/2019:22:57:00 +0000] "GET /log/files1asdasd HTTP/1.1" 404 155 "-" "Mozilla/5.0 (Windows NT 10.0; Win64; x64) AppleWebKit/537.36 (KHTML, like Gecko) Chrome/77.0.3865.90 Safari/537.36"
::1 - - [08/Oct/2019:22:57:15 +0000] "GET /log/files HTTP/1.1" 304 - "-" "Mozilla/5.0 (Windows NT 10.0; Win64; x64) AppleWebKit/537.36 (KHTML, like Gecko) Chrome/77.0.3865.90 Safari/537.36"
::1 - - [08/Oct/2019:22:57:24 +0000] "GET /klhi HTTP/1.1" 404 143 "-" "Mozilla/5.0 (Windows NT 10.0; Win64; x64) AppleWebKit/537.36 (KHTML, like Gecko) Chrome/77.0.3865.90 Safari/537.36"
::1 - - [08/Oct/2019:23:49:59 +0000] "POST /funt HTTP/1.1" 200 30 "-" "PostmanRuntime/7.17.1"
::1 - - [08/Oct/2019:23:53:31 +0000] "GET /log/files HTTP/1.1" 304 - "-" "Mozilla/5.0 (Windows NT 10.0; Win64; x64) AppleWebKit/537.36 (KHTML, like Gecko) Chrome/77.0.3865.90 Safari/537.36"
::1 - - [08/Oct/2019:23:53:39 +0000] "GET /page/errorsLogs_2019-October-9.json HTTP/1.1" 200 87398 "http://localhost:3000/log/files" "Mozilla/5.0 (Windows NT 10.0; Win64; x64) AppleWebKit/537.36 (KHTML, like Gecko) Chrome/77.0.3865.90 Safari/537.36"
::1 - - [08/Oct/2019:23:53:39 +0000] "GET /page/assets/css/pace.css HTTP/1.1" 404 163 "http://localhost:3000/page/errorsLogs_2019-October-9.json" "Mozilla/5.0 (Windows NT 10.0; Win64; x64) AppleWebKit/537.36 (KHTML, like Gecko) Chrome/77.0.3865.90 Safari/537.36"
::1 - - [08/Oct/2019:23:53:40 +0000] "GET /page/assets/demo/users/user1.jpg HTTP/1.1" 404 171 "http://localhost:3000/page/errorsLogs_2019-October-9.json" "Mozilla/5.0 (Windows NT 10.0; Win64; x64) AppleWebKit/537.36 (KHTML, like Gecko) Chrome/77.0.3865.90 Safari/537.36"
::1 - - [09/Oct/2019:00:39:20 +0000] "POST /funt HTTP/1.1" 200 30 "-" "PostmanRuntime/7.17.1"
